<?xml version="1.0" encoding="UTF-8"?>
<!-- Generated by org.testng.reporters.JUnitReportReporter -->
<testsuite hostname="LTIN271692" failures="0" tests="5" name="TestCases.IdentifyBikes" time="12.701" errors="0" timestamp="2024-03-05T09:19:20 IST" skipped="0">
  <testcase classname="TestCases.IdentifyBikes" name="verify_url" time="0.121"/>
  <testcase classname="TestCases.IdentifyBikes" name="upcomingMenu" time="1.629"/>
  <testcase classname="TestCases.IdentifyBikes" name="choose_manu" time="1.806"/>
  <testcase classname="TestCases.IdentifyBikes" name="verify_head" time="0.643"/>
  <testcase classname="TestCases.IdentifyBikes" name="display_bikes" time="8.502"/>
</testsuite> <!-- TestCases.IdentifyBikes -->
