<?xml version="1.0" encoding="UTF-8"?>
<!-- Generated by org.testng.reporters.JUnitReportReporter -->
<testsuite hostname="LTIN271692" failures="0" tests="4" name="TestCases.Identify_UsedCars" time="9.649" errors="0" timestamp="2024-03-05T09:19:20 IST" skipped="0">
  <testcase classname="TestCases.Identify_UsedCars" name="verify_url" time="0.316"/>
  <testcase classname="TestCases.Identify_UsedCars" name="usedCars_menu" time="4.425"/>
  <testcase classname="TestCases.Identify_UsedCars" name="verify_head" time="0.083"/>
  <testcase classname="TestCases.Identify_UsedCars" name="display_cars" time="4.825"/>
</testsuite> <!-- TestCases.Identify_UsedCars -->
