<?xml version="1.0" encoding="UTF-8"?>
<!-- Generated by org.testng.reporters.JUnitReportReporter -->
<testsuite hostname="LTIN271692" failures="0" tests="4" name="TestCases.LogInGoogle" time="13.137" errors="0" timestamp="2024-02-27T12:08:28 IST" skipped="0">
  <testcase classname="TestCases.LogInGoogle" name="click_login" time="5.688"/>
  <testcase classname="TestCases.LogInGoogle" name="click_google_opt" time="2.339"/>
  <testcase classname="TestCases.LogInGoogle" name="verify_LoginPage" time="0.241"/>
  <testcase classname="TestCases.LogInGoogle" name="capture_msg" time="4.869"/>
</testsuite> <!-- TestCases.LogInGoogle -->
