<?xml version="1.0" encoding="UTF-8"?>
<!-- Generated by org.testng.reporters.JUnitReportReporter -->
<testsuite hostname="LTIN271692" failures="0" tests="3" name="TestCases.Identify_UsedCars" time="94.731" errors="0" timestamp="2024-02-27T12:08:28 IST" skipped="0">
  <testcase classname="TestCases.Identify_UsedCars" name="usedCars_menu" time="87.896"/>
  <testcase classname="TestCases.Identify_UsedCars" name="verify_head" time="0.092"/>
  <testcase classname="TestCases.Identify_UsedCars" name="display_cars" time="6.743"/>
</testsuite> <!-- TestCases.Identify_UsedCars -->
