<?xml version="1.0" encoding="UTF-8"?>
<!-- Generated by org.testng.reporters.JUnitReportReporter -->
<testsuite hostname="LTIN271692" failures="0" tests="4" name="TestCases.IdentifyBikes" time="23.812" errors="0" timestamp="2024-02-27T12:08:28 IST" skipped="0">
  <testcase classname="TestCases.IdentifyBikes" name="upcomingMenu" time="3.180"/>
  <testcase classname="TestCases.IdentifyBikes" name="choose_manu" time="3.201"/>
  <testcase classname="TestCases.IdentifyBikes" name="verify_head" time="0.597"/>
  <testcase classname="TestCases.IdentifyBikes" name="display_bikes" time="16.834"/>
</testsuite> <!-- TestCases.IdentifyBikes -->
